<?xml version="1.0" encoding="UTF-8"?>
<!-- Generated by org.testng.reporters.JUnitReportReporter -->
<testsuite hostname="DESKTOP-AGV8FAU" failures="0" tests="24" name="com.test.testcases.LoginPageTest" time="303.188" errors="0" timestamp="19 Aug 2022 06:06:10 GMT" skipped="0">
  <testcase classname="com.test.testcases.LoginPageTest" name="loginPageTitleTest" time="10.098"/>
  <testcase classname="com.test.testcases.LoginPageTest" name="loginPageTitleTest" time="10.259"/>
  <testcase classname="com.test.testcases.LoginPageTest" name="loginPageTitleTest" time="10.085"/>
  <testcase classname="com.test.testcases.LoginPageTest" name="loginPageTitleTest" time="10.077"/>
  <testcase classname="com.test.testcases.LoginPageTest" name="loginPageTitleTest" time="10.094"/>
  <testcase classname="com.test.testcases.LoginPageTest" name="loginPageTitleTest" time="10.105"/>
  <testcase classname="com.test.testcases.LoginPageTest" name="loginPageUrlTest" time="10.044"/>
  <testcase classname="com.test.testcases.LoginPageTest" name="loginPageUrlTest" time="10.053"/>
  <testcase classname="com.test.testcases.LoginPageTest" name="loginPageUrlTest" time="10.051"/>
  <testcase classname="com.test.testcases.LoginPageTest" name="loginPageUrlTest" time="10.050"/>
  <testcase classname="com.test.testcases.LoginPageTest" name="loginPageUrlTest" time="10.054"/>
  <testcase classname="com.test.testcases.LoginPageTest" name="loginPageUrlTest" time="10.057"/>
  <testcase classname="com.test.testcases.LoginPageTest" name="forgotPwdLinkTest" time="10.149"/>
  <testcase classname="com.test.testcases.LoginPageTest" name="forgotPwdLinkTest" time="10.225"/>
  <testcase classname="com.test.testcases.LoginPageTest" name="forgotPwdLinkTest" time="10.144"/>
  <testcase classname="com.test.testcases.LoginPageTest" name="forgotPwdLinkTest" time="10.240"/>
  <testcase classname="com.test.testcases.LoginPageTest" name="forgotPwdLinkTest" time="10.223"/>
  <testcase classname="com.test.testcases.LoginPageTest" name="forgotPwdLinkTest" time="10.164"/>
  <testcase classname="com.test.testcases.LoginPageTest" name="registerLinkTest" time="20.149"/>
  <testcase classname="com.test.testcases.LoginPageTest" name="registerLinkTest" time="20.138"/>
  <testcase classname="com.test.testcases.LoginPageTest" name="registerLinkTest" time="20.163"/>
  <testcase classname="com.test.testcases.LoginPageTest" name="registerLinkTest" time="20.229"/>
  <testcase classname="com.test.testcases.LoginPageTest" name="registerLinkTest" time="20.161"/>
  <testcase classname="com.test.testcases.LoginPageTest" name="registerLinkTest" time="20.176"/>
</testsuite> <!-- com.test.testcases.LoginPageTest -->
